[9:48:34:521] [客户端:初始化|信息] 已清除过期的日志文件！ 
[9:48:35:113] [客户端:初始化|信息] 窗口大小修改成功 (水平长度1920px, 垂直长度1020px) 
[9:48:35:114] [客户端:初始化|信息] 窗口位置：{X=32,Y=32} 
[9:48:35:114] [客户端:初始化|调试] 窗口PID：2540 
[9:48:35:114] [客户端:初始化|调试] 窗口句柄：1064 
[9:48:35:115] [客户端:初始化|信息] 主程序正在初始化... 
[9:48:35:119] [客户端:初始化|信息] 编辑器控件加载完毕。 
[9:48:35:120] [客户端:初始化|信息] 主程序初始化成功！ 
[9:48:35:121] [客户端:初始化|信息] 主程序初始化时间共计：0.01s 
[9:48:35:121] [客户端:初始化|信息] 初始化时间共计：1.92s 
[9:48:36:744] [客户端|错误] [Type System.Exception] [HResult -2146233088] [InnerException: Null HResult Null] 已捕获异常：System.Exception 
 异常信息：测试异常
[9:48:36:747] [客户端|错误] ======== 堆栈跟踪如下 ======== 
				[Outer Exception]    at IDE.Main.TestCrash(Object sender, EventArgs e) in F:\VS 2022\repos\IDE\Main\Main.cs:line 1105
   at System.Windows.Forms.ToolStripItem.RaiseEvent(Object key, EventArgs e)
   at System.Windows.Forms.ToolStripMenuItem.OnClick(EventArgs e)
   at System.Windows.Forms.ToolStripItem.HandleClick(EventArgs e)
   at System.Windows.Forms.ToolStripItem.HandleMouseUp(MouseEventArgs e)
   at System.Windows.Forms.ToolStrip.OnMouseUp(MouseEventArgs mea)
   at System.Windows.Forms.ToolStripDropDown.OnMouseUp(MouseEventArgs mea)
   at System.Windows.Forms.Control.WmMouseUp(Message& m, MouseButtons button, Int32 clicks)
   at System.Windows.Forms.Control.WndProc(Message& m)
   at System.Windows.Forms.ToolStrip.WndProc(Message& m)
   at System.Windows.Forms.ToolStripDropDown.WndProc(Message& m)
   at System.Windows.Forms.NativeWindow.Callback(IntPtr hWnd, Int32 msg, IntPtr wparam, IntPtr lparam)
				[Inner Exception] (无 InnerException)
[9:48:43:12] [客户端:主程序|信息] 已询问退出，返回值：Yes 
[9:48:43:12] [客户端:主程序|信息] Stopping! 
