[21:1:14:878] [客户端:初始化|信息] 已清除过期的日志文件！ 
[21:1:16:911] [客户端:初始化|信息] 窗口大小修改成功 (水平长度1920px, 垂直长度1020px) 
[21:1:16:912] [客户端:初始化|信息] 窗口位置：{X=32,Y=32} 
[21:1:16:912] [客户端:初始化|调试] 窗口PID：22168 
[21:1:16:914] [客户端:初始化|调试] 窗口句柄：1116 
[21:1:16:914] [客户端:初始化|信息] 主程序正在初始化... 
[21:1:16:919] [客户端:初始化|信息] 编辑器控件加载完毕。 
[21:1:16:921] [客户端:初始化|信息] 主程序初始化成功！ 
[21:1:16:922] [客户端:初始化|信息] 主程序初始化时间共计：0.01s 
[21:1:16:922] [客户端:初始化|信息] 初始化时间共计：9.02s 
[21:1:19:722] [客户端:主程序|信息] 新建文件 
[21:1:20:607] [客户端:主程序|信息] TabPage已准备就绪。
文件名: 1.py 
[21:1:20:637] [客户端:主程序|信息] ElementHost已准备就绪。 
[21:1:20:639] [客户端:主程序|信息] 编辑器控件已准备就绪。
字体: JetBrains Mono 
[21:1:20:639] [客户端:主程序|信息] 编辑器控件方法入口已准备就绪。 
[21:1:20:639] [客户端:主程序|信息] 正在获取语法规则信息.. 
[21:1:20:639] [客户端:主程序|信息] 已获取文件名: .py 
[21:1:20:640] [客户端:主程序|信息] 语法规则信息获取成功。 
[21:1:20:640] [客户端:主程序|信息] 语法规则: Python		对应文件名: F:\VS 2022\repos\IDE\bin\Debug\Config\Highlighting\Python.xshd 
[21:1:20:641] [客户端:主程序|信息] 语法规则已成功设置。 
[21:1:20:678] [客户端:主程序|信息] 所有设置均已完成。 
[21:1:23:197] [客户端|错误] [Type System.ArgumentOutOfRangeException] [HResult -2146233086] [InnerException: Null HResult Null] 已捕获异常：System.ArgumentOutOfRangeException 
 异常信息：索引超出范围。必须为非负值并小于集合大小。
参数名: index
[21:1:23:227] [客户端|错误] ======== 堆栈跟踪如下 ======== 
				[Outer Exception]    在 System.ThrowHelper.ThrowArgumentOutOfRangeException(ExceptionArgument argument, ExceptionResource resource)
   在 System.Collections.Generic.List`1.get_Item(Int32 index)
   在 IDE.Main.CheckSyntaxError(Object sender, EventArgs e) 位置 F:\VS 2022\repos\IDE\Main\Main.cs:行号 948
   在 System.Windows.Forms.Timer.OnTick(EventArgs e)
   在 System.Windows.Forms.Timer.TimerNativeWindow.WndProc(Message& m)
   在 System.Windows.Forms.NativeWindow.Callback(IntPtr hWnd, Int32 msg, IntPtr wparam, IntPtr lparam)
				[Inner Exception] (无 InnerException)
[21:1:23:229] [客户端:主程序|信息] RYCB Editor 已崩溃。崩溃尝试次数：1 
