[11:22:15:846] [客户端:初始化|信息] 已清除过期的日志文件！ 
[11:22:17:581] [客户端:初始化|信息] 窗口大小修改成功 (水平长度1920px, 垂直长度1020px) 
[11:22:17:582] [客户端:初始化|信息] 窗口位置：{X=519,Y=279} 
[11:22:17:582] [客户端:初始化|调试] 窗口PID：12812 
[11:22:17:582] [客户端:初始化|调试] 窗口句柄：2484 
[11:22:17:582] [客户端:初始化|信息] 主程序正在初始化... 
[11:22:17:624] [客户端:初始化|信息] 编辑器控件加载完毕。 
[11:22:17:625] [客户端:初始化|信息] 主程序初始化成功！ 
[11:22:17:625] [客户端:初始化|信息] 主程序初始化时间共计：0.04s 
[11:22:17:625] [客户端:初始化|信息] 初始化时间共计：3.12s 
[11:22:19:379] [客户端:主程序|信息] 新建文件 
[11:22:20:457] [客户端:主程序|信息] TabPage已准备就绪。
文件名: 1.py 
[11:22:20:499] [客户端:主程序|信息] ElementHost已准备就绪。 
[11:22:20:499] [客户端:主程序|信息] 编辑器控件已准备就绪。
字体: JetBrains Mono 
[11:22:20:500] [客户端:主程序|信息] 编辑器控件方法入口已准备就绪。 
[11:22:20:500] [客户端:主程序|信息] 正在获取语法规则信息.. 
[11:22:20:500] [客户端:主程序|信息] 已获取文件名: .py 
[11:22:20:500] [客户端:主程序|信息] 语法规则信息获取成功。 
[11:22:20:500] [客户端:主程序|信息] 语法规则: Python		对应文件名: F:\VS 2022\repos\IDE\bin\Debug\Config\Highlighting\Python.xshd 
[11:22:20:501] [客户端:主程序|信息] 语法规则已成功设置。 
[11:22:20:545] [客户端:主程序|信息] 所有设置均已完成。 
[11:22:55:860] [客户端|致命错误] [Type IronPython.Runtime.Exceptions.ImportException] [HResult -2146233088] [InnerException: Null HResult Null] 已捕获异常：IronPython.Runtime.Exceptions.ImportException 
 异常信息：No module named 'turtle'
[11:22:55:870] [客户端|致命错误] ======== 堆栈跟踪如下 ======== 
				[Outer Exception]    在 Microsoft.Scripting.Runtime.LightExceptions.ThrowException(LightException lightEx)
   在 Microsoft.Scripting.Runtime.LightExceptions.CheckAndThrow(Object value)
   在 Microsoft.Scripting.Interpreter.FuncCallInstruction`2.Run(InterpretedFrame frame)
   在 Microsoft.Scripting.Interpreter.Interpreter.Run(InterpretedFrame frame)
   在 Microsoft.Scripting.Interpreter.LightLambda.Run1[T0,TRet](T0 arg0)
   在 IronPython.Compiler.RuntimeScriptCode.InvokeTarget(Scope scope)
   在 Microsoft.Scripting.Hosting.ScriptSource.Execute()
   在 IDE.PythonVariableAnalyzer.AnalyzeVariables(String pythonFilePath) 位置 F:\VS 2022\repos\IDE\Utils\Utils.cs:行号 287
   在 IDE.Main.HandleTextModification(String text, TextArea textArea) 位置 F:\VS 2022\repos\IDE\Main\Main.cs:行号 1088
   在 IDE.Main.TextAreaOnTextEntered(Object sender, TextCompositionEventArgs e) 位置 F:\VS 2022\repos\IDE\Main\Main.cs:行号 1031
   在 ICSharpCode.AvalonEdit.Editing.TextArea.OnTextEntered(TextCompositionEventArgs e)
   在 ICSharpCode.AvalonEdit.Editing.TextArea.PerformTextInput(TextCompositionEventArgs e)
   在 ICSharpCode.AvalonEdit.Editing.TextArea.OnTextInput(TextCompositionEventArgs e)
   在 System.Windows.RoutedEventArgs.InvokeHandler(Delegate handler, Object target)
   在 System.Windows.RoutedEventHandlerInfo.InvokeHandler(Object target, RoutedEventArgs routedEventArgs)
   在 System.Windows.EventRoute.InvokeHandlersImpl(Object source, RoutedEventArgs args, Boolean reRaised)
   在 System.Windows.UIElement.RaiseEventImpl(DependencyObject sender, RoutedEventArgs args)
   在 System.Windows.UIElement.RaiseTrustedEvent(RoutedEventArgs args)
   在 System.Windows.Input.InputManager.ProcessStagingArea()
   在 System.Windows.Input.InputManager.ProcessInput(InputEventArgs input)
   在 System.Windows.Input.TextCompositionManager.PostProcessInput(Object sender, ProcessInputEventArgs e)
   在 System.Windows.Input.InputManager.RaiseProcessInputEventHandlers(ProcessInputEventHandler postProcessInput, ProcessInputEventArgs processInputEventArgs)
   在 System.Windows.Input.InputManager.ProcessStagingArea()
   在 System.Windows.Input.InputManager.ProcessInput(InputEventArgs input)
   在 System.Windows.Input.TextCompositionManager.PostProcessInput(Object sender, ProcessInputEventArgs e)
   在 System.Windows.Input.InputManager.RaiseProcessInputEventHandlers(ProcessInputEventHandler postProcessInput, ProcessInputEventArgs processInputEventArgs)
   在 System.Windows.Input.InputManager.ProcessStagingArea()
   在 System.Windows.Input.InputManager.ProcessInput(InputEventArgs input)
   在 System.Windows.Input.InputProviderSite.ReportInput(InputReport inputReport)
   在 System.Windows.Interop.HwndKeyboardInputProvider.ProcessTextInputAction(IntPtr hwnd, WindowMessage msg, IntPtr wParam, IntPtr lParam, Boolean& handled)
   在 System.Windows.Interop.HwndKeyboardInputProvider.FilterMessage(IntPtr hwnd, WindowMessage message, IntPtr wParam, IntPtr lParam, Boolean& handled)
   在 System.Windows.Interop.HwndSource.InputFilterMessage(IntPtr hwnd, Int32 msg, IntPtr wParam, IntPtr lParam, Boolean& handled)
   在 MS.Win32.HwndWrapper.WndProc(IntPtr hwnd, Int32 msg, IntPtr wParam, IntPtr lParam, Boolean& handled)
   在 MS.Win32.HwndSubclass.DispatcherCallbackOperation(Object o)
   在 System.Windows.Threading.ExceptionWrapper.InternalRealCall(Delegate callback, Object args, Int32 numArgs)
   在 System.Windows.Threading.ExceptionWrapper.TryCatchWhen(Object source, Delegate callback, Object args, Int32 numArgs, Delegate catchHandler)
   在 System.Windows.Threading.Dispatcher.LegacyInvokeImpl(DispatcherPriority priority, TimeSpan timeout, Delegate method, Object args, Int32 numArgs)
   在 MS.Win32.HwndSubclass.SubclassWndProc(IntPtr hwnd, Int32 msg, IntPtr wParam, IntPtr lParam)
   在 System.Windows.Forms.UnsafeNativeMethods.DispatchMessageW(MSG& msg)
   在 System.Windows.Forms.Application.ComponentManager.System.Windows.Forms.UnsafeNativeMethods.IMsoComponentManager.FPushMessageLoop(IntPtr dwComponentID, Int32 reason, Int32 pvLoopData)
   在 System.Windows.Forms.Application.ThreadContext.RunMessageLoopInner(Int32 reason, ApplicationContext context)
   在 System.Windows.Forms.Application.ThreadContext.RunMessageLoop(Int32 reason, ApplicationContext context)
   在 IDE.Program.func_1a1(Form form) 位置 F:\VS 2022\repos\IDE\Program.cs:行号 127
   在 IDE.Program.Main(String[] args) 位置 F:\VS 2022\repos\IDE\Program.cs:行号 92
				[Inner Exception] (无 InnerException)
[11:22:55:871] [客户端:主程序|信息] 捕获异常：{Type=IronPython.Runtime.Exceptions.ImportException, Message=No module named 'turtle'}	尝试次数：1(距离崩溃还剩2次异常) 
