[21:43:13:466] [客户端:初始化|信息] 已清除过期的日志文件！ 
[21:43:15:357] [客户端:初始化|信息] 窗口大小修改成功 (水平长度1920px, 垂直长度1020px) 
[21:43:15:358] [客户端:初始化|信息] 窗口位置：{X=465,Y=216} 
[21:43:15:358] [客户端:初始化|调试] 窗口PID：22500 
[21:43:15:358] [客户端:初始化|调试] 窗口句柄：2588 
[21:43:15:358] [客户端:初始化|信息] 主程序正在初始化... 
[21:43:15:367] [客户端:初始化|信息] 编辑器控件加载完毕。 
[21:43:15:368] [客户端:初始化|信息] 主程序初始化成功！ 
[21:43:15:368] [客户端:初始化|信息] 主程序初始化时间共计：0.01s 
[21:43:15:368] [客户端:初始化|信息] 初始化时间共计：2.96s 
[21:43:31:560] [客户端|错误] [Type System.ArgumentException] [HResult -2147024809] [InnerException: Null HResult Null] 已捕获异常：System.ArgumentException 
 异常信息：不能在多处添加或插入项“    ”。必须首先将其从当前位置移除或将其克隆。
参数名: item
[21:43:31:566] [客户端|错误] ======== 堆栈跟踪如下 ======== 
				[Outer Exception]    在 System.Windows.Forms.ListView.InsertItems(Int32 displayIndex, ListViewItem[] items, Boolean checkHosting)
   在 System.Windows.Forms.ListView.ListViewNativeItemCollection.Add(ListViewItem value)
   在 System.Windows.Forms.ListView.ListViewItemCollection.Add(ListViewItem value)
   在 IDE.Main.CheckSyntaxError(Object sender, EventArgs e) 位置 F:\VS 2022\repos\IDE\Main\Main.cs:行号 885
   在 System.Windows.Forms.Timer.OnTick(EventArgs e)
   在 System.Windows.Forms.Timer.TimerNativeWindow.WndProc(Message& m)
   在 System.Windows.Forms.NativeWindow.Callback(IntPtr hWnd, Int32 msg, IntPtr wparam, IntPtr lparam)
				[Inner Exception] (无 InnerException)
[21:43:31:567] [客户端:主程序|信息] 捕获异常：{Type=System.ArgumentException, Message=不能在多处添加或插入项“    ”。必须首先将其从当前位置移除或将其克隆。
参数名: item}	尝试次数：1(距离崩溃还剩2147483646次异常) 
[21:43:36:642] [客户端|错误] [Type System.ArgumentException] [HResult -2147024809] [InnerException: Null HResult Null] 已捕获异常：System.ArgumentException 
 异常信息：不能在多处添加或插入项“    ”。必须首先将其从当前位置移除或将其克隆。
参数名: item
[21:43:36:642] [客户端|错误] ======== 堆栈跟踪如下 ======== 
				[Outer Exception]    在 System.Windows.Forms.ListView.InsertItems(Int32 displayIndex, ListViewItem[] items, Boolean checkHosting)
   在 System.Windows.Forms.ListView.ListViewNativeItemCollection.Add(ListViewItem value)
   在 System.Windows.Forms.ListView.ListViewItemCollection.Add(ListViewItem value)
   在 IDE.Main.CheckSyntaxError(Object sender, EventArgs e) 位置 F:\VS 2022\repos\IDE\Main\Main.cs:行号 885
   在 System.Windows.Forms.Timer.OnTick(EventArgs e)
   在 System.Windows.Forms.Timer.TimerNativeWindow.WndProc(Message& m)
   在 System.Windows.Forms.NativeWindow.Callback(IntPtr hWnd, Int32 msg, IntPtr wparam, IntPtr lparam)
				[Inner Exception] (无 InnerException)
[21:43:36:642] [客户端:主程序|信息] 捕获异常：{Type=System.ArgumentException, Message=不能在多处添加或插入项“    ”。必须首先将其从当前位置移除或将其克隆。
参数名: item}	尝试次数：2(距离崩溃还剩2147483645次异常) 
[21:43:39:782] [客户端|错误] [Type System.ArgumentException] [HResult -2147024809] [InnerException: Null HResult Null] 已捕获异常：System.ArgumentException 
 异常信息：不能在多处添加或插入项“    ”。必须首先将其从当前位置移除或将其克隆。
参数名: item
[21:43:39:782] [客户端|错误] ======== 堆栈跟踪如下 ======== 
				[Outer Exception]    在 System.Windows.Forms.ListView.InsertItems(Int32 displayIndex, ListViewItem[] items, Boolean checkHosting)
   在 System.Windows.Forms.ListView.ListViewNativeItemCollection.Add(ListViewItem value)
   在 System.Windows.Forms.ListView.ListViewItemCollection.Add(ListViewItem value)
   在 IDE.Main.CheckSyntaxError(Object sender, EventArgs e) 位置 F:\VS 2022\repos\IDE\Main\Main.cs:行号 885
   在 System.Windows.Forms.Timer.OnTick(EventArgs e)
   在 System.Windows.Forms.Timer.TimerNativeWindow.WndProc(Message& m)
   在 System.Windows.Forms.NativeWindow.Callback(IntPtr hWnd, Int32 msg, IntPtr wparam, IntPtr lparam)
				[Inner Exception] (无 InnerException)
[21:43:39:782] [客户端:主程序|信息] 捕获异常：{Type=System.ArgumentException, Message=不能在多处添加或插入项“    ”。必须首先将其从当前位置移除或将其克隆。
参数名: item}	尝试次数：3(距离崩溃还剩2147483644次异常) 
[21:43:39:885] [客户端|错误] [Type System.ArgumentException] [HResult -2147024809] [InnerException: Null HResult Null] 已捕获异常：System.ArgumentException 
 异常信息：不能在多处添加或插入项“    ”。必须首先将其从当前位置移除或将其克隆。
参数名: item
[21:43:39:885] [客户端|错误] ======== 堆栈跟踪如下 ======== 
				[Outer Exception]    在 System.Windows.Forms.ListView.InsertItems(Int32 displayIndex, ListViewItem[] items, Boolean checkHosting)
   在 System.Windows.Forms.ListView.ListViewNativeItemCollection.Add(ListViewItem value)
   在 System.Windows.Forms.ListView.ListViewItemCollection.Add(ListViewItem value)
   在 IDE.Main.CheckSyntaxError(Object sender, EventArgs e) 位置 F:\VS 2022\repos\IDE\Main\Main.cs:行号 885
   在 System.Windows.Forms.Timer.OnTick(EventArgs e)
   在 System.Windows.Forms.Timer.TimerNativeWindow.WndProc(Message& m)
   在 System.Windows.Forms.NativeWindow.Callback(IntPtr hWnd, Int32 msg, IntPtr wparam, IntPtr lparam)
				[Inner Exception] (无 InnerException)
[21:43:39:885] [客户端:主程序|信息] 捕获异常：{Type=System.ArgumentException, Message=不能在多处添加或插入项“    ”。必须首先将其从当前位置移除或将其克隆。
参数名: item}	尝试次数：4(距离崩溃还剩2147483643次异常) 
[21:43:40:672] [客户端|错误] [Type System.ArgumentException] [HResult -2147024809] [InnerException: Null HResult Null] 已捕获异常：System.ArgumentException 
 异常信息：不能在多处添加或插入项“    ”。必须首先将其从当前位置移除或将其克隆。
参数名: item
[21:43:40:672] [客户端|错误] ======== 堆栈跟踪如下 ======== 
				[Outer Exception]    在 System.Windows.Forms.ListView.InsertItems(Int32 displayIndex, ListViewItem[] items, Boolean checkHosting)
   在 System.Windows.Forms.ListView.ListViewNativeItemCollection.Add(ListViewItem value)
   在 System.Windows.Forms.ListView.ListViewItemCollection.Add(ListViewItem value)
   在 IDE.Main.CheckSyntaxError(Object sender, EventArgs e) 位置 F:\VS 2022\repos\IDE\Main\Main.cs:行号 885
   在 System.Windows.Forms.Timer.OnTick(EventArgs e)
   在 System.Windows.Forms.Timer.TimerNativeWindow.WndProc(Message& m)
   在 System.Windows.Forms.NativeWindow.Callback(IntPtr hWnd, Int32 msg, IntPtr wparam, IntPtr lparam)
				[Inner Exception] (无 InnerException)
[21:43:40:672] [客户端:主程序|信息] 捕获异常：{Type=System.ArgumentException, Message=不能在多处添加或插入项“    ”。必须首先将其从当前位置移除或将其克隆。
参数名: item}	尝试次数：5(距离崩溃还剩2147483642次异常) 
[21:43:41:669] [客户端|错误] [Type System.ArgumentException] [HResult -2147024809] [InnerException: Null HResult Null] 已捕获异常：System.ArgumentException 
 异常信息：不能在多处添加或插入项“    ”。必须首先将其从当前位置移除或将其克隆。
参数名: item
[21:43:41:669] [客户端|错误] ======== 堆栈跟踪如下 ======== 
				[Outer Exception]    在 System.Windows.Forms.ListView.InsertItems(Int32 displayIndex, ListViewItem[] items, Boolean checkHosting)
   在 System.Windows.Forms.ListView.ListViewNativeItemCollection.Add(ListViewItem value)
   在 System.Windows.Forms.ListView.ListViewItemCollection.Add(ListViewItem value)
   在 IDE.Main.CheckSyntaxError(Object sender, EventArgs e) 位置 F:\VS 2022\repos\IDE\Main\Main.cs:行号 885
   在 System.Windows.Forms.Timer.OnTick(EventArgs e)
   在 System.Windows.Forms.Timer.TimerNativeWindow.WndProc(Message& m)
   在 System.Windows.Forms.NativeWindow.Callback(IntPtr hWnd, Int32 msg, IntPtr wparam, IntPtr lparam)
				[Inner Exception] (无 InnerException)
[21:43:41:669] [客户端:主程序|信息] 捕获异常：{Type=System.ArgumentException, Message=不能在多处添加或插入项“    ”。必须首先将其从当前位置移除或将其克隆。
参数名: item}	尝试次数：6(距离崩溃还剩2147483641次异常) 
[21:43:42:666] [客户端|错误] [Type System.ArgumentException] [HResult -2147024809] [InnerException: Null HResult Null] 已捕获异常：System.ArgumentException 
 异常信息：不能在多处添加或插入项“    ”。必须首先将其从当前位置移除或将其克隆。
参数名: item
[21:43:42:666] [客户端|错误] ======== 堆栈跟踪如下 ======== 
				[Outer Exception]    在 System.Windows.Forms.ListView.InsertItems(Int32 displayIndex, ListViewItem[] items, Boolean checkHosting)
   在 System.Windows.Forms.ListView.ListViewNativeItemCollection.Add(ListViewItem value)
   在 System.Windows.Forms.ListView.ListViewItemCollection.Add(ListViewItem value)
   在 IDE.Main.CheckSyntaxError(Object sender, EventArgs e) 位置 F:\VS 2022\repos\IDE\Main\Main.cs:行号 885
   在 System.Windows.Forms.Timer.OnTick(EventArgs e)
   在 System.Windows.Forms.Timer.TimerNativeWindow.WndProc(Message& m)
   在 System.Windows.Forms.NativeWindow.Callback(IntPtr hWnd, Int32 msg, IntPtr wparam, IntPtr lparam)
				[Inner Exception] (无 InnerException)
[21:43:42:666] [客户端:主程序|信息] 捕获异常：{Type=System.ArgumentException, Message=不能在多处添加或插入项“    ”。必须首先将其从当前位置移除或将其克隆。
参数名: item}	尝试次数：7(距离崩溃还剩2147483640次异常) 
[21:43:43:670] [客户端|错误] [Type System.ArgumentException] [HResult -2147024809] [InnerException: Null HResult Null] 已捕获异常：System.ArgumentException 
 异常信息：不能在多处添加或插入项“    ”。必须首先将其从当前位置移除或将其克隆。
参数名: item
[21:43:43:670] [客户端|错误] ======== 堆栈跟踪如下 ======== 
				[Outer Exception]    在 System.Windows.Forms.ListView.InsertItems(Int32 displayIndex, ListViewItem[] items, Boolean checkHosting)
   在 System.Windows.Forms.ListView.ListViewNativeItemCollection.Add(ListViewItem value)
   在 System.Windows.Forms.ListView.ListViewItemCollection.Add(ListViewItem value)
   在 IDE.Main.CheckSyntaxError(Object sender, EventArgs e) 位置 F:\VS 2022\repos\IDE\Main\Main.cs:行号 885
   在 System.Windows.Forms.Timer.OnTick(EventArgs e)
   在 System.Windows.Forms.Timer.TimerNativeWindow.WndProc(Message& m)
   在 System.Windows.Forms.NativeWindow.Callback(IntPtr hWnd, Int32 msg, IntPtr wparam, IntPtr lparam)
				[Inner Exception] (无 InnerException)
[21:43:43:670] [客户端:主程序|信息] 捕获异常：{Type=System.ArgumentException, Message=不能在多处添加或插入项“    ”。必须首先将其从当前位置移除或将其克隆。
参数名: item}	尝试次数：8(距离崩溃还剩2147483639次异常) 
[21:43:44:672] [客户端|错误] [Type System.ArgumentException] [HResult -2147024809] [InnerException: Null HResult Null] 已捕获异常：System.ArgumentException 
 异常信息：不能在多处添加或插入项“    ”。必须首先将其从当前位置移除或将其克隆。
参数名: item
[21:43:44:672] [客户端|错误] ======== 堆栈跟踪如下 ======== 
				[Outer Exception]    在 System.Windows.Forms.ListView.InsertItems(Int32 displayIndex, ListViewItem[] items, Boolean checkHosting)
   在 System.Windows.Forms.ListView.ListViewNativeItemCollection.Add(ListViewItem value)
   在 System.Windows.Forms.ListView.ListViewItemCollection.Add(ListViewItem value)
   在 IDE.Main.CheckSyntaxError(Object sender, EventArgs e) 位置 F:\VS 2022\repos\IDE\Main\Main.cs:行号 885
   在 System.Windows.Forms.Timer.OnTick(EventArgs e)
   在 System.Windows.Forms.Timer.TimerNativeWindow.WndProc(Message& m)
   在 System.Windows.Forms.NativeWindow.Callback(IntPtr hWnd, Int32 msg, IntPtr wparam, IntPtr lparam)
				[Inner Exception] (无 InnerException)
[21:43:44:672] [客户端:主程序|信息] 捕获异常：{Type=System.ArgumentException, Message=不能在多处添加或插入项“    ”。必须首先将其从当前位置移除或将其克隆。
参数名: item}	尝试次数：9(距离崩溃还剩2147483638次异常) 
[21:43:45:668] [客户端|错误] [Type System.ArgumentException] [HResult -2147024809] [InnerException: Null HResult Null] 已捕获异常：System.ArgumentException 
 异常信息：不能在多处添加或插入项“    ”。必须首先将其从当前位置移除或将其克隆。
参数名: item
[21:43:45:668] [客户端|错误] ======== 堆栈跟踪如下 ======== 
				[Outer Exception]    在 System.Windows.Forms.ListView.InsertItems(Int32 displayIndex, ListViewItem[] items, Boolean checkHosting)
   在 System.Windows.Forms.ListView.ListViewNativeItemCollection.Add(ListViewItem value)
   在 System.Windows.Forms.ListView.ListViewItemCollection.Add(ListViewItem value)
   在 IDE.Main.CheckSyntaxError(Object sender, EventArgs e) 位置 F:\VS 2022\repos\IDE\Main\Main.cs:行号 885
   在 System.Windows.Forms.Timer.OnTick(EventArgs e)
   在 System.Windows.Forms.Timer.TimerNativeWindow.WndProc(Message& m)
   在 System.Windows.Forms.NativeWindow.Callback(IntPtr hWnd, Int32 msg, IntPtr wparam, IntPtr lparam)
				[Inner Exception] (无 InnerException)
[21:43:45:668] [客户端:主程序|信息] 捕获异常：{Type=System.ArgumentException, Message=不能在多处添加或插入项“    ”。必须首先将其从当前位置移除或将其克隆。
参数名: item}	尝试次数：10(距离崩溃还剩2147483637次异常) 
[21:43:46:671] [客户端|错误] [Type System.ArgumentException] [HResult -2147024809] [InnerException: Null HResult Null] 已捕获异常：System.ArgumentException 
 异常信息：不能在多处添加或插入项“    ”。必须首先将其从当前位置移除或将其克隆。
参数名: item
[21:43:46:671] [客户端|错误] ======== 堆栈跟踪如下 ======== 
				[Outer Exception]    在 System.Windows.Forms.ListView.InsertItems(Int32 displayIndex, ListViewItem[] items, Boolean checkHosting)
   在 System.Windows.Forms.ListView.ListViewNativeItemCollection.Add(ListViewItem value)
   在 System.Windows.Forms.ListView.ListViewItemCollection.Add(ListViewItem value)
   在 IDE.Main.CheckSyntaxError(Object sender, EventArgs e) 位置 F:\VS 2022\repos\IDE\Main\Main.cs:行号 885
   在 System.Windows.Forms.Timer.OnTick(EventArgs e)
   在 System.Windows.Forms.Timer.TimerNativeWindow.WndProc(Message& m)
   在 System.Windows.Forms.NativeWindow.Callback(IntPtr hWnd, Int32 msg, IntPtr wparam, IntPtr lparam)
				[Inner Exception] (无 InnerException)
[21:43:46:671] [客户端:主程序|信息] 捕获异常：{Type=System.ArgumentException, Message=不能在多处添加或插入项“    ”。必须首先将其从当前位置移除或将其克隆。
参数名: item}	尝试次数：11(距离崩溃还剩2147483636次异常) 
[21:43:47:672] [客户端|错误] [Type System.ArgumentException] [HResult -2147024809] [InnerException: Null HResult Null] 已捕获异常：System.ArgumentException 
 异常信息：不能在多处添加或插入项“    ”。必须首先将其从当前位置移除或将其克隆。
参数名: item
[21:43:47:672] [客户端|错误] ======== 堆栈跟踪如下 ======== 
				[Outer Exception]    在 System.Windows.Forms.ListView.InsertItems(Int32 displayIndex, ListViewItem[] items, Boolean checkHosting)
   在 System.Windows.Forms.ListView.ListViewNativeItemCollection.Add(ListViewItem value)
   在 System.Windows.Forms.ListView.ListViewItemCollection.Add(ListViewItem value)
   在 IDE.Main.CheckSyntaxError(Object sender, EventArgs e) 位置 F:\VS 2022\repos\IDE\Main\Main.cs:行号 885
   在 System.Windows.Forms.Timer.OnTick(EventArgs e)
   在 System.Windows.Forms.Timer.TimerNativeWindow.WndProc(Message& m)
   在 System.Windows.Forms.NativeWindow.Callback(IntPtr hWnd, Int32 msg, IntPtr wparam, IntPtr lparam)
				[Inner Exception] (无 InnerException)
[21:43:47:672] [客户端:主程序|信息] 捕获异常：{Type=System.ArgumentException, Message=不能在多处添加或插入项“    ”。必须首先将其从当前位置移除或将其克隆。
参数名: item}	尝试次数：12(距离崩溃还剩2147483635次异常) 
[21:43:48:668] [客户端|错误] [Type System.ArgumentException] [HResult -2147024809] [InnerException: Null HResult Null] 已捕获异常：System.ArgumentException 
 异常信息：不能在多处添加或插入项“    ”。必须首先将其从当前位置移除或将其克隆。
参数名: item
[21:43:48:668] [客户端|错误] ======== 堆栈跟踪如下 ======== 
				[Outer Exception]    在 System.Windows.Forms.ListView.InsertItems(Int32 displayIndex, ListViewItem[] items, Boolean checkHosting)
   在 System.Windows.Forms.ListView.ListViewNativeItemCollection.Add(ListViewItem value)
   在 System.Windows.Forms.ListView.ListViewItemCollection.Add(ListViewItem value)
   在 IDE.Main.CheckSyntaxError(Object sender, EventArgs e) 位置 F:\VS 2022\repos\IDE\Main\Main.cs:行号 885
   在 System.Windows.Forms.Timer.OnTick(EventArgs e)
   在 System.Windows.Forms.Timer.TimerNativeWindow.WndProc(Message& m)
   在 System.Windows.Forms.NativeWindow.Callback(IntPtr hWnd, Int32 msg, IntPtr wparam, IntPtr lparam)
				[Inner Exception] (无 InnerException)
[21:43:48:668] [客户端:主程序|信息] 捕获异常：{Type=System.ArgumentException, Message=不能在多处添加或插入项“    ”。必须首先将其从当前位置移除或将其克隆。
参数名: item}	尝试次数：13(距离崩溃还剩2147483634次异常) 
[21:43:49:676] [客户端|错误] [Type System.ArgumentException] [HResult -2147024809] [InnerException: Null HResult Null] 已捕获异常：System.ArgumentException 
 异常信息：不能在多处添加或插入项“    ”。必须首先将其从当前位置移除或将其克隆。
参数名: item
[21:43:49:676] [客户端|错误] ======== 堆栈跟踪如下 ======== 
				[Outer Exception]    在 System.Windows.Forms.ListView.InsertItems(Int32 displayIndex, ListViewItem[] items, Boolean checkHosting)
   在 System.Windows.Forms.ListView.ListViewNativeItemCollection.Add(ListViewItem value)
   在 System.Windows.Forms.ListView.ListViewItemCollection.Add(ListViewItem value)
   在 IDE.Main.CheckSyntaxError(Object sender, EventArgs e) 位置 F:\VS 2022\repos\IDE\Main\Main.cs:行号 885
   在 System.Windows.Forms.Timer.OnTick(EventArgs e)
   在 System.Windows.Forms.Timer.TimerNativeWindow.WndProc(Message& m)
   在 System.Windows.Forms.NativeWindow.Callback(IntPtr hWnd, Int32 msg, IntPtr wparam, IntPtr lparam)
				[Inner Exception] (无 InnerException)
[21:43:49:676] [客户端:主程序|信息] 捕获异常：{Type=System.ArgumentException, Message=不能在多处添加或插入项“    ”。必须首先将其从当前位置移除或将其克隆。
参数名: item}	尝试次数：14(距离崩溃还剩2147483633次异常) 
[21:43:50:667] [客户端|错误] [Type System.ArgumentException] [HResult -2147024809] [InnerException: Null HResult Null] 已捕获异常：System.ArgumentException 
 异常信息：不能在多处添加或插入项“    ”。必须首先将其从当前位置移除或将其克隆。
参数名: item
[21:43:50:667] [客户端|错误] ======== 堆栈跟踪如下 ======== 
				[Outer Exception]    在 System.Windows.Forms.ListView.InsertItems(Int32 displayIndex, ListViewItem[] items, Boolean checkHosting)
   在 System.Windows.Forms.ListView.ListViewNativeItemCollection.Add(ListViewItem value)
   在 System.Windows.Forms.ListView.ListViewItemCollection.Add(ListViewItem value)
   在 IDE.Main.CheckSyntaxError(Object sender, EventArgs e) 位置 F:\VS 2022\repos\IDE\Main\Main.cs:行号 885
   在 System.Windows.Forms.Timer.OnTick(EventArgs e)
   在 System.Windows.Forms.Timer.TimerNativeWindow.WndProc(Message& m)
   在 System.Windows.Forms.NativeWindow.Callback(IntPtr hWnd, Int32 msg, IntPtr wparam, IntPtr lparam)
				[Inner Exception] (无 InnerException)
[21:43:50:667] [客户端:主程序|信息] 捕获异常：{Type=System.ArgumentException, Message=不能在多处添加或插入项“    ”。必须首先将其从当前位置移除或将其克隆。
参数名: item}	尝试次数：15(距离崩溃还剩2147483632次异常) 
[21:43:51:668] [客户端|错误] [Type System.ArgumentException] [HResult -2147024809] [InnerException: Null HResult Null] 已捕获异常：System.ArgumentException 
 异常信息：不能在多处添加或插入项“    ”。必须首先将其从当前位置移除或将其克隆。
参数名: item
[21:43:51:669] [客户端|错误] ======== 堆栈跟踪如下 ======== 
				[Outer Exception]    在 System.Windows.Forms.ListView.InsertItems(Int32 displayIndex, ListViewItem[] items, Boolean checkHosting)
   在 System.Windows.Forms.ListView.ListViewNativeItemCollection.Add(ListViewItem value)
   在 System.Windows.Forms.ListView.ListViewItemCollection.Add(ListViewItem value)
   在 IDE.Main.CheckSyntaxError(Object sender, EventArgs e) 位置 F:\VS 2022\repos\IDE\Main\Main.cs:行号 885
   在 System.Windows.Forms.Timer.OnTick(EventArgs e)
   在 System.Windows.Forms.Timer.TimerNativeWindow.WndProc(Message& m)
   在 System.Windows.Forms.NativeWindow.Callback(IntPtr hWnd, Int32 msg, IntPtr wparam, IntPtr lparam)
				[Inner Exception] (无 InnerException)
[21:43:51:669] [客户端:主程序|信息] 捕获异常：{Type=System.ArgumentException, Message=不能在多处添加或插入项“    ”。必须首先将其从当前位置移除或将其克隆。
参数名: item}	尝试次数：16(距离崩溃还剩2147483631次异常) 
[21:43:52:666] [客户端|错误] [Type System.ArgumentException] [HResult -2147024809] [InnerException: Null HResult Null] 已捕获异常：System.ArgumentException 
 异常信息：不能在多处添加或插入项“    ”。必须首先将其从当前位置移除或将其克隆。
参数名: item
[21:43:52:666] [客户端|错误] ======== 堆栈跟踪如下 ======== 
				[Outer Exception]    在 System.Windows.Forms.ListView.InsertItems(Int32 displayIndex, ListViewItem[] items, Boolean checkHosting)
   在 System.Windows.Forms.ListView.ListViewNativeItemCollection.Add(ListViewItem value)
   在 System.Windows.Forms.ListView.ListViewItemCollection.Add(ListViewItem value)
   在 IDE.Main.CheckSyntaxError(Object sender, EventArgs e) 位置 F:\VS 2022\repos\IDE\Main\Main.cs:行号 885
   在 System.Windows.Forms.Timer.OnTick(EventArgs e)
   在 System.Windows.Forms.Timer.TimerNativeWindow.WndProc(Message& m)
   在 System.Windows.Forms.NativeWindow.Callback(IntPtr hWnd, Int32 msg, IntPtr wparam, IntPtr lparam)
				[Inner Exception] (无 InnerException)
[21:43:52:666] [客户端:主程序|信息] 捕获异常：{Type=System.ArgumentException, Message=不能在多处添加或插入项“    ”。必须首先将其从当前位置移除或将其克隆。
参数名: item}	尝试次数：17(距离崩溃还剩2147483630次异常) 
[21:43:53:669] [客户端|错误] [Type System.ArgumentException] [HResult -2147024809] [InnerException: Null HResult Null] 已捕获异常：System.ArgumentException 
 异常信息：不能在多处添加或插入项“    ”。必须首先将其从当前位置移除或将其克隆。
参数名: item
[21:43:53:669] [客户端|错误] ======== 堆栈跟踪如下 ======== 
				[Outer Exception]    在 System.Windows.Forms.ListView.InsertItems(Int32 displayIndex, ListViewItem[] items, Boolean checkHosting)
   在 System.Windows.Forms.ListView.ListViewNativeItemCollection.Add(ListViewItem value)
   在 System.Windows.Forms.ListView.ListViewItemCollection.Add(ListViewItem value)
   在 IDE.Main.CheckSyntaxError(Object sender, EventArgs e) 位置 F:\VS 2022\repos\IDE\Main\Main.cs:行号 885
   在 System.Windows.Forms.Timer.OnTick(EventArgs e)
   在 System.Windows.Forms.Timer.TimerNativeWindow.WndProc(Message& m)
   在 System.Windows.Forms.NativeWindow.Callback(IntPtr hWnd, Int32 msg, IntPtr wparam, IntPtr lparam)
				[Inner Exception] (无 InnerException)
[21:43:53:669] [客户端:主程序|信息] 捕获异常：{Type=System.ArgumentException, Message=不能在多处添加或插入项“    ”。必须首先将其从当前位置移除或将其克隆。
参数名: item}	尝试次数：18(距离崩溃还剩2147483629次异常) 
[21:43:54:660] [客户端|错误] [Type System.ArgumentException] [HResult -2147024809] [InnerException: Null HResult Null] 已捕获异常：System.ArgumentException 
 异常信息：不能在多处添加或插入项“    ”。必须首先将其从当前位置移除或将其克隆。
参数名: item
[21:43:54:660] [客户端|错误] ======== 堆栈跟踪如下 ======== 
				[Outer Exception]    在 System.Windows.Forms.ListView.InsertItems(Int32 displayIndex, ListViewItem[] items, Boolean checkHosting)
   在 System.Windows.Forms.ListView.ListViewNativeItemCollection.Add(ListViewItem value)
   在 System.Windows.Forms.ListView.ListViewItemCollection.Add(ListViewItem value)
   在 IDE.Main.CheckSyntaxError(Object sender, EventArgs e) 位置 F:\VS 2022\repos\IDE\Main\Main.cs:行号 885
   在 System.Windows.Forms.Timer.OnTick(EventArgs e)
   在 System.Windows.Forms.Timer.TimerNativeWindow.WndProc(Message& m)
   在 System.Windows.Forms.NativeWindow.Callback(IntPtr hWnd, Int32 msg, IntPtr wparam, IntPtr lparam)
				[Inner Exception] (无 InnerException)
[21:43:54:661] [客户端:主程序|信息] 捕获异常：{Type=System.ArgumentException, Message=不能在多处添加或插入项“    ”。必须首先将其从当前位置移除或将其克隆。
参数名: item}	尝试次数：19(距离崩溃还剩2147483628次异常) 
[21:43:55:681] [客户端|错误] [Type System.ArgumentException] [HResult -2147024809] [InnerException: Null HResult Null] 已捕获异常：System.ArgumentException 
 异常信息：不能在多处添加或插入项“    ”。必须首先将其从当前位置移除或将其克隆。
参数名: item
[21:43:55:681] [客户端|错误] ======== 堆栈跟踪如下 ======== 
				[Outer Exception]    在 System.Windows.Forms.ListView.InsertItems(Int32 displayIndex, ListViewItem[] items, Boolean checkHosting)
   在 System.Windows.Forms.ListView.ListViewNativeItemCollection.Add(ListViewItem value)
   在 System.Windows.Forms.ListView.ListViewItemCollection.Add(ListViewItem value)
   在 IDE.Main.CheckSyntaxError(Object sender, EventArgs e) 位置 F:\VS 2022\repos\IDE\Main\Main.cs:行号 885
   在 System.Windows.Forms.Timer.OnTick(EventArgs e)
   在 System.Windows.Forms.Timer.TimerNativeWindow.WndProc(Message& m)
   在 System.Windows.Forms.NativeWindow.Callback(IntPtr hWnd, Int32 msg, IntPtr wparam, IntPtr lparam)
				[Inner Exception] (无 InnerException)
[21:43:55:681] [客户端:主程序|信息] 捕获异常：{Type=System.ArgumentException, Message=不能在多处添加或插入项“    ”。必须首先将其从当前位置移除或将其克隆。
参数名: item}	尝试次数：20(距离崩溃还剩2147483627次异常) 
[21:43:56:668] [客户端|错误] [Type System.ArgumentException] [HResult -2147024809] [InnerException: Null HResult Null] 已捕获异常：System.ArgumentException 
 异常信息：不能在多处添加或插入项“    ”。必须首先将其从当前位置移除或将其克隆。
参数名: item
[21:43:56:668] [客户端|错误] ======== 堆栈跟踪如下 ======== 
				[Outer Exception]    在 System.Windows.Forms.ListView.InsertItems(Int32 displayIndex, ListViewItem[] items, Boolean checkHosting)
   在 System.Windows.Forms.ListView.ListViewNativeItemCollection.Add(ListViewItem value)
   在 System.Windows.Forms.ListView.ListViewItemCollection.Add(ListViewItem value)
   在 IDE.Main.CheckSyntaxError(Object sender, EventArgs e) 位置 F:\VS 2022\repos\IDE\Main\Main.cs:行号 885
   在 System.Windows.Forms.Timer.OnTick(EventArgs e)
   在 System.Windows.Forms.Timer.TimerNativeWindow.WndProc(Message& m)
   在 System.Windows.Forms.NativeWindow.Callback(IntPtr hWnd, Int32 msg, IntPtr wparam, IntPtr lparam)
				[Inner Exception] (无 InnerException)
[21:43:56:668] [客户端:主程序|信息] 捕获异常：{Type=System.ArgumentException, Message=不能在多处添加或插入项“    ”。必须首先将其从当前位置移除或将其克隆。
参数名: item}	尝试次数：21(距离崩溃还剩2147483626次异常) 
[21:43:57:668] [客户端|错误] [Type System.ArgumentException] [HResult -2147024809] [InnerException: Null HResult Null] 已捕获异常：System.ArgumentException 
 异常信息：不能在多处添加或插入项“    ”。必须首先将其从当前位置移除或将其克隆。
参数名: item
[21:43:57:668] [客户端|错误] ======== 堆栈跟踪如下 ======== 
				[Outer Exception]    在 System.Windows.Forms.ListView.InsertItems(Int32 displayIndex, ListViewItem[] items, Boolean checkHosting)
   在 System.Windows.Forms.ListView.ListViewNativeItemCollection.Add(ListViewItem value)
   在 System.Windows.Forms.ListView.ListViewItemCollection.Add(ListViewItem value)
   在 IDE.Main.CheckSyntaxError(Object sender, EventArgs e) 位置 F:\VS 2022\repos\IDE\Main\Main.cs:行号 885
   在 System.Windows.Forms.Timer.OnTick(EventArgs e)
   在 System.Windows.Forms.Timer.TimerNativeWindow.WndProc(Message& m)
   在 System.Windows.Forms.NativeWindow.Callback(IntPtr hWnd, Int32 msg, IntPtr wparam, IntPtr lparam)
				[Inner Exception] (无 InnerException)
[21:43:57:669] [客户端:主程序|信息] 捕获异常：{Type=System.ArgumentException, Message=不能在多处添加或插入项“    ”。必须首先将其从当前位置移除或将其克隆。
参数名: item}	尝试次数：22(距离崩溃还剩2147483625次异常) 
[21:43:58:666] [客户端|错误] [Type System.ArgumentException] [HResult -2147024809] [InnerException: Null HResult Null] 已捕获异常：System.ArgumentException 
 异常信息：不能在多处添加或插入项“    ”。必须首先将其从当前位置移除或将其克隆。
参数名: item
[21:43:58:667] [客户端|错误] ======== 堆栈跟踪如下 ======== 
				[Outer Exception]    在 System.Windows.Forms.ListView.InsertItems(Int32 displayIndex, ListViewItem[] items, Boolean checkHosting)
   在 System.Windows.Forms.ListView.ListViewNativeItemCollection.Add(ListViewItem value)
   在 System.Windows.Forms.ListView.ListViewItemCollection.Add(ListViewItem value)
   在 IDE.Main.CheckSyntaxError(Object sender, EventArgs e) 位置 F:\VS 2022\repos\IDE\Main\Main.cs:行号 885
   在 System.Windows.Forms.Timer.OnTick(EventArgs e)
   在 System.Windows.Forms.Timer.TimerNativeWindow.WndProc(Message& m)
   在 System.Windows.Forms.NativeWindow.Callback(IntPtr hWnd, Int32 msg, IntPtr wparam, IntPtr lparam)
				[Inner Exception] (无 InnerException)
[21:43:58:667] [客户端:主程序|信息] 捕获异常：{Type=System.ArgumentException, Message=不能在多处添加或插入项“    ”。必须首先将其从当前位置移除或将其克隆。
参数名: item}	尝试次数：23(距离崩溃还剩2147483624次异常) 
[21:43:59:674] [客户端|错误] [Type System.ArgumentException] [HResult -2147024809] [InnerException: Null HResult Null] 已捕获异常：System.ArgumentException 
 异常信息：不能在多处添加或插入项“    ”。必须首先将其从当前位置移除或将其克隆。
参数名: item
[21:43:59:674] [客户端|错误] ======== 堆栈跟踪如下 ======== 
				[Outer Exception]    在 System.Windows.Forms.ListView.InsertItems(Int32 displayIndex, ListViewItem[] items, Boolean checkHosting)
   在 System.Windows.Forms.ListView.ListViewNativeItemCollection.Add(ListViewItem value)
   在 System.Windows.Forms.ListView.ListViewItemCollection.Add(ListViewItem value)
   在 IDE.Main.CheckSyntaxError(Object sender, EventArgs e) 位置 F:\VS 2022\repos\IDE\Main\Main.cs:行号 885
   在 System.Windows.Forms.Timer.OnTick(EventArgs e)
   在 System.Windows.Forms.Timer.TimerNativeWindow.WndProc(Message& m)
   在 System.Windows.Forms.NativeWindow.Callback(IntPtr hWnd, Int32 msg, IntPtr wparam, IntPtr lparam)
				[Inner Exception] (无 InnerException)
[21:43:59:675] [客户端:主程序|信息] 捕获异常：{Type=System.ArgumentException, Message=不能在多处添加或插入项“    ”。必须首先将其从当前位置移除或将其克隆。
参数名: item}	尝试次数：24(距离崩溃还剩2147483623次异常) 
[21:44:0:677] [客户端|错误] [Type System.ArgumentException] [HResult -2147024809] [InnerException: Null HResult Null] 已捕获异常：System.ArgumentException 
 异常信息：不能在多处添加或插入项“    ”。必须首先将其从当前位置移除或将其克隆。
参数名: item
[21:44:0:677] [客户端|错误] ======== 堆栈跟踪如下 ======== 
				[Outer Exception]    在 System.Windows.Forms.ListView.InsertItems(Int32 displayIndex, ListViewItem[] items, Boolean checkHosting)
   在 System.Windows.Forms.ListView.ListViewNativeItemCollection.Add(ListViewItem value)
   在 System.Windows.Forms.ListView.ListViewItemCollection.Add(ListViewItem value)
   在 IDE.Main.CheckSyntaxError(Object sender, EventArgs e) 位置 F:\VS 2022\repos\IDE\Main\Main.cs:行号 885
   在 System.Windows.Forms.Timer.OnTick(EventArgs e)
   在 System.Windows.Forms.Timer.TimerNativeWindow.WndProc(Message& m)
   在 System.Windows.Forms.NativeWindow.Callback(IntPtr hWnd, Int32 msg, IntPtr wparam, IntPtr lparam)
				[Inner Exception] (无 InnerException)
[21:44:0:677] [客户端:主程序|信息] 捕获异常：{Type=System.ArgumentException, Message=不能在多处添加或插入项“    ”。必须首先将其从当前位置移除或将其克隆。
参数名: item}	尝试次数：25(距离崩溃还剩2147483622次异常) 
