[19:24:24:79] [客户端:初始化|信息] 已清除过期的日志文件！ 
[19:24:24:724] [客户端:初始化|信息] 窗口大小修改成功 (水平长度1920px, 垂直长度1020px) 
[19:24:24:724] [客户端:初始化|信息] 窗口位置：{X=224,Y=224} 
[19:24:24:724] [客户端:初始化|调试] 窗口PID：23092 
[19:24:24:725] [客户端:初始化|调试] 窗口句柄：2804 
[19:24:24:725] [客户端:初始化|信息] 主程序正在初始化... 
[19:24:24:729] [客户端:初始化|信息] 编辑器控件加载完毕。 
[19:24:24:729] [客户端:初始化|信息] 主程序初始化成功！ 
[19:24:24:730] [客户端:初始化|信息] 主程序初始化时间共计：0.01s 
[19:24:24:730] [客户端:初始化|信息] 初始化时间共计：1.97s 
[19:24:28:173] [客户端|错误] [Type System.IO.DirectoryNotFoundException] [HResult -2147024893] [InnerException: Null HResult Null] 已捕获异常：System.IO.DirectoryNotFoundException 
 异常信息：Could not find a part of the path 'F:\VS 2022\repos\IDE\bin\Debug\$tmp_code'.
[19:24:28:180] [客户端|错误] ======== 堆栈跟踪如下 ======== 
				[Outer Exception]    at System.IO.__Error.WinIOError(Int32 errorCode, String maybeFullPath)
   at System.IO.FileSystemEnumerableIterator`1.CommonInit()
   at System.IO.FileSystemEnumerableIterator`1..ctor(String path, String originalUserPath, String searchPattern, SearchOption searchOption, SearchResultHandler`1 resultHandler, Boolean checkHost)
   at System.IO.Directory.EnumerateFiles(String path)
   at IDE.CacheCleaner.GetFiles() in F:\VS 2022\repos\IDE\Utils\Boxes\CacheCleaner\CacheCleaner.cs:line 60
   at IDE.CacheCleaner.ChangeState_Tmp(Object sender, EventArgs e) in F:\VS 2022\repos\IDE\Utils\Boxes\CacheCleaner\CacheCleaner.cs:line 44
   at Sunny.UI.UICheckBox.set_Checked(Boolean value)
   at Sunny.UI.UICheckBox.OnClick(EventArgs e)
   at System.Windows.Forms.Control.WmMouseUp(Message& m, MouseButtons button, Int32 clicks)
   at System.Windows.Forms.Control.WndProc(Message& m)
   at Sunny.UI.UIControl.WndProc(Message& m)
   at System.Windows.Forms.NativeWindow.Callback(IntPtr hWnd, Int32 msg, IntPtr wparam, IntPtr lparam)
				[Inner Exception] (无 InnerException)
[19:24:43:387] [客户端|错误] [Type System.Exception] [HResult -2146233088] [InnerException: Null HResult Null] 已捕获异常：System.Exception 
 异常信息：测试异常
[19:24:43:388] [客户端|错误] ======== 堆栈跟踪如下 ======== 
				[Outer Exception]    at IDE.Main.TestCrash(Object sender, EventArgs e) in F:\VS 2022\repos\IDE\Main\Main.cs:line 1105
   at System.Windows.Forms.ToolStripItem.RaiseEvent(Object key, EventArgs e)
   at System.Windows.Forms.ToolStripMenuItem.OnClick(EventArgs e)
   at System.Windows.Forms.ToolStripItem.HandleClick(EventArgs e)
   at System.Windows.Forms.ToolStripItem.HandleMouseUp(MouseEventArgs e)
   at System.Windows.Forms.ToolStrip.OnMouseUp(MouseEventArgs mea)
   at System.Windows.Forms.ToolStripDropDown.OnMouseUp(MouseEventArgs mea)
   at System.Windows.Forms.Control.WmMouseUp(Message& m, MouseButtons button, Int32 clicks)
   at System.Windows.Forms.Control.WndProc(Message& m)
   at System.Windows.Forms.ToolStrip.WndProc(Message& m)
   at System.Windows.Forms.ToolStripDropDown.WndProc(Message& m)
   at System.Windows.Forms.NativeWindow.Callback(IntPtr hWnd, Int32 msg, IntPtr wparam, IntPtr lparam)
				[Inner Exception] (无 InnerException)
[19:24:57:261] [客户端|错误] [Type System.Exception] [HResult -2146233088] [InnerException: Null HResult Null] 已捕获异常：System.Exception 
 异常信息：测试异常
[19:24:57:261] [客户端|错误] ======== 堆栈跟踪如下 ======== 
				[Outer Exception]    at IDE.Main.TestCrash(Object sender, EventArgs e) in F:\VS 2022\repos\IDE\Main\Main.cs:line 1105
   at System.Windows.Forms.ToolStripItem.RaiseEvent(Object key, EventArgs e)
   at System.Windows.Forms.ToolStripMenuItem.OnClick(EventArgs e)
   at System.Windows.Forms.ToolStripItem.HandleClick(EventArgs e)
   at System.Windows.Forms.ToolStripItem.HandleMouseUp(MouseEventArgs e)
   at System.Windows.Forms.ToolStrip.OnMouseUp(MouseEventArgs mea)
   at System.Windows.Forms.ToolStripDropDown.OnMouseUp(MouseEventArgs mea)
   at System.Windows.Forms.Control.WmMouseUp(Message& m, MouseButtons button, Int32 clicks)
   at System.Windows.Forms.Control.WndProc(Message& m)
   at System.Windows.Forms.ToolStrip.WndProc(Message& m)
   at System.Windows.Forms.ToolStripDropDown.WndProc(Message& m)
   at System.Windows.Forms.NativeWindow.Callback(IntPtr hWnd, Int32 msg, IntPtr wparam, IntPtr lparam)
				[Inner Exception] (无 InnerException)
[19:25:1:694] [客户端|错误] [Type System.IO.DirectoryNotFoundException] [HResult -2147024893] [InnerException: Null HResult Null] 已捕获异常：System.IO.DirectoryNotFoundException 
 异常信息：Could not find a part of the path 'F:\VS 2022\repos\IDE\bin\Debug\$tmp_code'.
[19:25:1:694] [客户端|错误] ======== 堆栈跟踪如下 ======== 
				[Outer Exception]    at System.IO.__Error.WinIOError(Int32 errorCode, String maybeFullPath)
   at System.IO.FileSystemEnumerableIterator`1.CommonInit()
   at System.IO.FileSystemEnumerableIterator`1..ctor(String path, String originalUserPath, String searchPattern, SearchOption searchOption, SearchResultHandler`1 resultHandler, Boolean checkHost)
   at System.IO.Directory.EnumerateFiles(String path)
   at IDE.CacheCleaner.GetFiles() in F:\VS 2022\repos\IDE\Utils\Boxes\CacheCleaner\CacheCleaner.cs:line 60
   at IDE.CacheCleaner.ChangeState_Tmp(Object sender, EventArgs e) in F:\VS 2022\repos\IDE\Utils\Boxes\CacheCleaner\CacheCleaner.cs:line 44
   at Sunny.UI.UICheckBox.set_Checked(Boolean value)
   at Sunny.UI.UICheckBox.OnClick(EventArgs e)
   at System.Windows.Forms.Control.WmMouseUp(Message& m, MouseButtons button, Int32 clicks)
   at System.Windows.Forms.Control.WndProc(Message& m)
   at Sunny.UI.UIControl.WndProc(Message& m)
   at System.Windows.Forms.NativeWindow.Callback(IntPtr hWnd, Int32 msg, IntPtr wparam, IntPtr lparam)
				[Inner Exception] (无 InnerException)
[19:25:31:6] [客户端|错误] [Type System.Exception] [HResult -2146233088] [InnerException: Null HResult Null] 已捕获异常：System.Exception 
 异常信息：测试异常
[19:25:31:6] [客户端|错误] ======== 堆栈跟踪如下 ======== 
				[Outer Exception]    at IDE.Main.TestCrash(Object sender, EventArgs e) in F:\VS 2022\repos\IDE\Main\Main.cs:line 1105
   at System.Windows.Forms.ToolStripItem.RaiseEvent(Object key, EventArgs e)
   at System.Windows.Forms.ToolStripMenuItem.OnClick(EventArgs e)
   at System.Windows.Forms.ToolStripItem.HandleClick(EventArgs e)
   at System.Windows.Forms.ToolStripItem.HandleMouseUp(MouseEventArgs e)
   at System.Windows.Forms.ToolStrip.OnMouseUp(MouseEventArgs mea)
   at System.Windows.Forms.ToolStripDropDown.OnMouseUp(MouseEventArgs mea)
   at System.Windows.Forms.Control.WmMouseUp(Message& m, MouseButtons button, Int32 clicks)
   at System.Windows.Forms.Control.WndProc(Message& m)
   at System.Windows.Forms.ToolStrip.WndProc(Message& m)
   at System.Windows.Forms.ToolStripDropDown.WndProc(Message& m)
   at System.Windows.Forms.NativeWindow.Callback(IntPtr hWnd, Int32 msg, IntPtr wparam, IntPtr lparam)
				[Inner Exception] (无 InnerException)
[19:25:41:797] [客户端|错误] [Type System.Exception] [HResult -2146233088] [InnerException: Null HResult Null] 已捕获异常：System.Exception 
 异常信息：测试异常
[19:25:41:798] [客户端|错误] ======== 堆栈跟踪如下 ======== 
				[Outer Exception]    at IDE.Main.TestCrash(Object sender, EventArgs e)
   at System.Windows.Forms.ToolStripItem.RaiseEvent(Object key, EventArgs e)
   at System.Windows.Forms.ToolStripMenuItem.OnClick(EventArgs e)
   at System.Windows.Forms.ToolStripItem.HandleClick(EventArgs e)
   at System.Windows.Forms.ToolStripItem.HandleMouseUp(MouseEventArgs e)
   at System.Windows.Forms.ToolStrip.OnMouseUp(MouseEventArgs mea)
   at System.Windows.Forms.ToolStripDropDown.OnMouseUp(MouseEventArgs mea)
   at System.Windows.Forms.Control.WmMouseUp(Message& m, MouseButtons button, Int32 clicks)
   at System.Windows.Forms.Control.WndProc(Message& m)
   at System.Windows.Forms.ToolStrip.WndProc(Message& m)
   at System.Windows.Forms.ToolStripDropDown.WndProc(Message& m)
   at System.Windows.Forms.NativeWindow.Callback(IntPtr hWnd, Int32 msg, IntPtr wparam, IntPtr lparam)
				[Inner Exception] (无 InnerException)
[19:25:46:398] [客户端:主程序|信息] 已询问退出，返回值：Yes 
[19:25:46:398] [客户端:主程序|信息] Stopping! 
