[19:49:25:976] [客户端:初始化|信息] 已清除过期的日志文件！ 
[19:49:28:192] [客户端:初始化|信息] 窗口大小修改成功 (水平长度1920px, 垂直长度1020px) 
[19:49:28:193] [客户端:初始化|信息] 窗口位置：{X=32,Y=32} 
[19:49:28:193] [客户端:初始化|调试] 窗口PID：18788 
[19:49:28:196] [客户端:初始化|调试] 窗口句柄：2428 
[19:49:28:196] [客户端:初始化|信息] 主程序正在初始化... 
[19:49:28:203] [客户端:初始化|信息] 编辑器控件加载完毕。 
[19:49:28:203] [客户端:初始化|信息] 主程序初始化成功！ 
[19:49:28:204] [客户端:初始化|信息] 主程序初始化时间共计：0.01s 
[19:49:28:204] [客户端:初始化|信息] 初始化时间共计：4.44s 
[19:49:28:751] [客户端:主程序|信息] 新建文件 
[19:49:29:878] [客户端:主程序|信息] TabPage已准备就绪。
文件名: 1.md 
[19:49:29:890] [客户端:主程序|信息] ElementHostForMarkdown已准备就绪。 
[19:49:29:892] [客户端:主程序|信息] 编辑器控件已准备就绪。
字体: JetBrains Mono 
[19:49:29:893] [客户端:主程序|信息] 编辑器控件方法入口已准备就绪。 
[19:49:29:951] [客户端:主程序|信息] 所有设置均已完成。 
[19:49:32:632] [客户端:主程序|信息] 新建文件 
[19:49:33:637] [客户端:主程序|信息] TabPage已准备就绪。
文件名: 1.md 
[19:49:33:643] [客户端:主程序|信息] ElementHostForMarkdown已准备就绪。 
[19:49:33:645] [客户端:主程序|信息] 编辑器控件已准备就绪。
字体: JetBrains Mono 
[19:49:33:645] [客户端:主程序|信息] 编辑器控件方法入口已准备就绪。 
[19:49:33:661] [客户端:主程序|信息] 所有设置均已完成。 
[19:49:52:209] [客户端:主程序|信息] 新建文件 
[19:49:53:445] [客户端:主程序|信息] TabPage已准备就绪。
文件名: 1.md 
[19:49:53:450] [客户端:主程序|信息] ElementHostForMarkdown已准备就绪。 
[19:49:53:451] [客户端:主程序|信息] 编辑器控件已准备就绪。
字体: JetBrains Mono 
[19:49:53:451] [客户端:主程序|信息] 编辑器控件方法入口已准备就绪。 
[19:49:53:471] [客户端:主程序|信息] 所有设置均已完成。 
[19:50:23:855] [客户端:主程序|信息] 新建文件 
[19:50:24:891] [客户端:主程序|信息] TabPage已准备就绪。
文件名: 1.md 
[19:50:24:939] [客户端:主程序|信息] ElementHostForMarkdown已准备就绪。 
[19:50:24:941] [客户端:主程序|信息] 编辑器控件已准备就绪。
字体: JetBrains Mono 
[19:50:24:941] [客户端:主程序|信息] 编辑器控件方法入口已准备就绪。 
[19:50:25:44] [客户端:主程序|信息] 所有设置均已完成。 
