[21:43:22:578] [客户端:初始化|信息] 已清除过期的日志文件！ 
[21:43:24:395] [客户端:初始化|信息] 窗口大小修改成功 (水平长度1920px, 垂直长度1020px) 
[21:43:24:396] [客户端:初始化|信息] 窗口位置：{X=465,Y=216} 
[21:43:24:396] [客户端:初始化|调试] 窗口PID：22592 
[21:43:24:398] [客户端:初始化|调试] 窗口句柄：2624 
[21:43:24:398] [客户端:初始化|信息] 主程序正在初始化... 
[21:43:24:402] [客户端:初始化|信息] 编辑器控件加载完毕。 
[21:43:24:404] [客户端:初始化|信息] 主程序初始化成功！ 
[21:43:24:405] [客户端:初始化|信息] 主程序初始化时间共计：0.01s 
[21:43:24:405] [客户端:初始化|信息] 初始化时间共计：3.67s 
[21:43:30:899] [客户端:主程序|信息] 已获取文件名: .py 
[21:43:32:478] [客户端:主程序|调试] ProcessStartInfo对象已创建。 
[21:43:32:478] [客户端:主程序|调试] ProcessStartInfo对象属性：FileName=Runner.exe, Arguments=F:\VS 2022\repos\IDE\bin\Debug\Workpace\Python\1.py 
[21:43:32:478] [客户端:主程序|调试] Process对象已创建。 
[21:43:32:636] [客户端:主程序|调试] Process对象是否已运行：True 
[21:43:32:801] [客户端:主程序|调试] Process对象标题名称： 
[21:43:32:817] [客户端:主程序|调试] 找到窗体。 
[21:44:28:945] [客户端:主程序|调试] ProcessStartInfo对象已创建。 
[21:44:28:945] [客户端:主程序|调试] ProcessStartInfo对象属性：FileName=Runner.exe, Arguments=F:\VS 2022\repos\IDE\bin\Debug\Workpace\Python\1.py 
[21:44:28:945] [客户端:主程序|调试] Process对象已创建。 
[21:44:28:969] [客户端:主程序|调试] Process对象是否已运行：True 
[21:44:29:102] [客户端:主程序|调试] Process对象标题名称： 
[21:44:29:103] [客户端:主程序|调试] 找到窗体。 
[21:45:1:213] [客户端:主程序|调试] ProcessStartInfo对象已创建。 
[21:45:1:213] [客户端:主程序|调试] ProcessStartInfo对象属性：FileName=Runner.exe, Arguments=F:\VS 2022\repos\IDE\bin\Debug\Workpace\Python\1.py 
[21:45:1:214] [客户端:主程序|调试] Process对象已创建。 
[21:45:1:234] [客户端:主程序|调试] Process对象是否已运行：True 
[21:45:1:394] [客户端:主程序|调试] Process对象标题名称： 
[21:45:1:395] [客户端:主程序|调试] 找到窗体。 
[21:45:23:626] [客户端:主程序|调试] ProcessStartInfo对象已创建。 
[21:45:23:627] [客户端:主程序|调试] ProcessStartInfo对象属性：FileName=Runner.exe, Arguments=F:\VS 2022\repos\IDE\bin\Debug\Workpace\Python\1.py 
[21:45:23:627] [客户端:主程序|调试] Process对象已创建。 
[21:45:23:646] [客户端:主程序|调试] Process对象是否已运行：True 
[21:45:23:779] [客户端:主程序|调试] Process对象标题名称： 
[21:45:23:780] [客户端:主程序|调试] 找到窗体。 
[21:45:49:982] [客户端:主程序|调试] ProcessStartInfo对象已创建。 
[21:45:49:982] [客户端:主程序|调试] ProcessStartInfo对象属性：FileName=Runner.exe, Arguments=F:\VS 2022\repos\IDE\bin\Debug\Workpace\Python\1.py 
[21:45:49:982] [客户端:主程序|调试] Process对象已创建。 
[21:45:50:0] [客户端:主程序|调试] Process对象是否已运行：True 
[21:45:50:48] [客户端:主程序|调试] Process对象标题名称： 
[21:45:50:49] [客户端:主程序|调试] 找到窗体。 
[21:46:9:615] [客户端:主程序|调试] ProcessStartInfo对象已创建。 
[21:46:9:615] [客户端:主程序|调试] ProcessStartInfo对象属性：FileName=Runner.exe, Arguments=F:\VS 2022\repos\IDE\bin\Debug\Workpace\Python\1.py 
[21:46:9:615] [客户端:主程序|调试] Process对象已创建。 
[21:46:9:631] [客户端:主程序|调试] Process对象是否已运行：True 
[21:46:9:658] [客户端:主程序|调试] Process对象标题名称： 
[21:46:9:658] [客户端:主程序|调试] 找到窗体。 
[21:48:2:504] [客户端|致命错误] [Type System.TypeInitializationException] [HResult -2146233036] [InnerException: System.TypeInitializationException HResult -2146233036] 已捕获异常：System.TypeInitializationException 
 异常信息：“MS.Internal.WindowsBase.NativeMethodsSetLastError”的类型初始值设定项引发异常。
[21:48:2:548] [客户端|致命错误] ======== 堆栈跟踪如下 ======== 
				[Outer Exception]    在 MS.Internal.WindowsBase.NativeMethodsSetLastError.SetWindowLongPtrWndProc(HandleRef hWnd, Int32 nIndex, WndProc dwNewLong)
   在 MS.Win32.UnsafeNativeMethods.CriticalSetWindowLong(HandleRef hWnd, Int32 nIndex, WndProc dwNewLong)
   在 MS.Win32.HwndSubclass.HookWindowProc(IntPtr hwnd, WndProc newWndProc, IntPtr oldWndProc)
   在 MS.Win32.HwndSubclass.SubclassWndProc(IntPtr hwnd, Int32 msg, IntPtr wParam, IntPtr lParam)
				[Inner Exception]    在 MS.Internal.WindowsBase.WpfLibraryLoader.EnsureLoaded(String dllName)
   在 MS.Internal.WindowsBase.NativeMethodsSetLastError..cctor()
[21:48:2:554] [客户端:主程序|信息] RYCB Editor 已崩溃。崩溃尝试次数：1 
[21:48:51:490] [客户端|致命错误] [Type System.TypeInitializationException] [HResult -2146233036] [InnerException: System.TypeInitializationException HResult -2146233036] 已捕获异常：System.TypeInitializationException 
 异常信息：“System.Windows.FrameworkElement”的类型初始值设定项引发异常。
[21:48:51:555] [客户端|致命错误] ======== 堆栈跟踪如下 ======== 
				[Outer Exception]    在 System.Windows.FrameworkElement..ctor()
   在 System.Windows.Controls.Panel..ctor()
   在 System.Windows.Forms.Integration.AvalonAdapter..ctor(ElementHost hostControl)
   在 System.Windows.Forms.Integration.ElementHost..ctor()
   在 IDE.Entry.InitializeComponent() 位置 F:\VS 2022\repos\IDE\Init\Entry.Designer.cs:行号 32
   在 IDE.Entry..ctor(Boolean light) 位置 F:\VS 2022\repos\IDE\Init\Entry.cs:行号 17
   在 IDE.Program.Main(String[] args) 位置 F:\VS 2022\repos\IDE\Program.cs:行号 72
				[Inner Exception]    在 System.Windows.FrameworkElement..cctor()
[21:48:51:560] [客户端:主程序|信息] RYCB Editor 已崩溃。崩溃尝试次数：1 
