[19:25:56:136] [客户端:初始化|信息] 已清除过期的日志文件！ 
[19:25:58:34] [客户端:初始化|信息] 窗口大小修改成功 (水平长度1920px, 垂直长度1020px) 
[19:25:58:35] [客户端:初始化|信息] 窗口位置：{X=32,Y=32} 
[19:25:58:35] [客户端:初始化|调试] 窗口PID：23712 
[19:25:58:37] [客户端:初始化|调试] 窗口句柄：2460 
[19:25:58:37] [客户端:初始化|信息] 主程序正在初始化... 
[19:25:58:40] [客户端:初始化|信息] 编辑器控件加载完毕。 
[19:25:58:42] [客户端:初始化|信息] 主程序初始化成功！ 
[19:25:58:42] [客户端:初始化|信息] 主程序初始化时间共计：0.01s 
[19:25:58:42] [客户端:初始化|信息] 初始化时间共计：4.5s 
[19:25:59:31] [客户端:主程序|信息] 新建文件 
[19:26:0:118] [客户端:主程序|信息] TabPage已准备就绪。
文件名: 1.md 
[19:26:0:186] [客户端:主程序|信息] ElementHostForMarkdown已准备就绪。 
[19:26:0:188] [客户端:主程序|信息] 编辑器控件已准备就绪。
字体: JetBrains Mono 
[19:26:0:188] [客户端:主程序|信息] 编辑器控件方法入口已准备就绪。 
[19:26:0:768] [客户端:主程序|信息] 所有设置均已完成。 
[19:26:3:856] [客户端:主程序|信息] 新建文件 
[19:26:4:916] [客户端:主程序|信息] TabPage已准备就绪。
文件名: 1.md 
[19:26:4:967] [客户端:主程序|信息] ElementHostForMarkdown已准备就绪。 
[19:26:4:969] [客户端:主程序|信息] 编辑器控件已准备就绪。
字体: JetBrains Mono 
[19:26:4:969] [客户端:主程序|信息] 编辑器控件方法入口已准备就绪。 
[19:26:5:430] [客户端:主程序|信息] 所有设置均已完成。 
[19:26:11:209] [客户端:主程序|信息] 已询问退出，返回值：Yes 
[19:26:11:209] [客户端:主程序|信息] Stopping! 
