[15:16:8:192] [客户端:初始化|信息] 已清除过期的日志文件！ 
[15:16:10:45] [客户端:初始化|信息] 窗口大小修改成功 (水平长度1920px, 垂直长度1020px) 
[15:16:10:46] [客户端:初始化|信息] 窗口位置：{X=32,Y=32} 
[15:16:10:47] [客户端:初始化|调试] 窗口PID：19796 
[15:16:10:50] [客户端:初始化|调试] 窗口句柄：2144 
[15:16:10:50] [客户端:初始化|信息] 主程序正在初始化... 
[15:16:10:93] [客户端:初始化|信息] 编辑器控件加载完毕。 
[15:16:10:95] [客户端:初始化|信息] 主程序初始化成功！ 
[15:16:10:95] [客户端:初始化|信息] 主程序初始化时间共计：0.05s 
[15:16:10:95] [客户端:初始化|信息] 初始化时间共计：2.45s 
[15:16:10:207] [客户端:更新|信息] 开始检查更新。 
[15:16:11:74] [客户端:更新|信息] UpdateChecker初始化完毕。 
[15:16:11:74] [客户端:更新|信息] 下载测试文件。 
[15:16:12:57] [客户端:网络请求|信息] 开始下载文件 
[15:16:12:58] [服务端:网络请求|信息] 文件名：F:\VS 2022\repos\IDE\bin\Debug\Cache\Update\TestDownloadFile.Text 
[15:16:12:58] [服务端:网络请求|信息] 文件大小：368B 
[15:16:13:42] [客户端:网络请求|信息] 测试文件下载完成 
[15:16:13:45] [客户端:更新|信息] 下载更新配置文件。 
[15:16:13:878] [客户端:网络请求|信息] 开始下载文件 
[15:16:13:878] [服务端:网络请求|信息] 文件名：F:\VS 2022\repos\IDE\bin\Debug\Cache\Update\Update.ucf 
[15:16:13:878] [服务端:网络请求|信息] 文件大小：88B 
[15:16:14:780] [客户端:网络请求|信息] 文件下载完成 
[15:16:14:781] [客户端:更新|信息] 分析更新配置文件。 
[15:16:14:790] [客户端:更新|信息] 验证更新。 
[15:16:14:790] [客户端:更新|信息] 验证修订号。 
[15:16:21:190] [客户端:更新|信息] 下载更新文件。 
[15:16:22:75] [客户端:网络请求|信息] 开始下载文件 
[15:16:22:76] [服务端:网络请求|信息] 文件名：F:\VS 2022\repos\IDE\bin\Debug\Cache\Update\IDE_0.0.3-alpha[dev]+y2024m2d7.7z 
[15:16:22:76] [服务端:网络请求|信息] 文件大小：21.61MB 
[15:16:51:553] [客户端:主程序|信息] 即将打开“关于”窗口。 
[15:16:51:712] [客户端:主程序|信息] 成功。 
[15:16:51:712] [客户端:主程序|信息] 窗口位置：(674, 424) 
[15:16:57:292] [客户端|错误] [Type System.ArgumentOutOfRangeException] [HResult -2146233086] [InnerException: Null HResult Null] 已捕获异常：System.ArgumentOutOfRangeException 
 异常信息：索引超出范围。必须为非负值并小于集合大小。
参数名: index
[15:16:57:324] [客户端|错误] ======== 堆栈跟踪如下 ======== 
				[Outer Exception]    在 System.Collections.ArrayList.get_Item(Int32 index)
   在 System.Windows.Forms.ToolStripItemCollection.get_Item(Int32 index)
   在 System.Windows.Forms.ToolStrip.OnPaint(PaintEventArgs e)
   在 System.Windows.Forms.Control.PaintWithErrorHandling(PaintEventArgs e, Int16 layer)
   在 System.Windows.Forms.Control.WmPaint(Message& m)
   在 System.Windows.Forms.Control.WndProc(Message& m)
   在 System.Windows.Forms.ToolStrip.WndProc(Message& m)
   在 System.Windows.Forms.StatusStrip.WndProc(Message& m)
   在 System.Windows.Forms.NativeWindow.Callback(IntPtr hWnd, Int32 msg, IntPtr wparam, IntPtr lparam)
				[Inner Exception] (无 InnerException)
[15:17:29:103] [客户端:网络请求|信息] 文件下载完成 
[15:17:29:104] [客户端:更新|信息] 开始部署更新。 
[15:17:36:418] [客户端:更新|信息] 等待开始更新：次数6204263 
[15:17:42:435] [客户端:更新|信息] 等待开始更新：次数11572972 
[15:17:54:762] [客户端:更新|信息] 等待开始更新：次数18585031 
[15:18:1:72] [客户端:更新|信息] 等待开始更新：次数21269386 
[15:18:8:533] [客户端:更新|信息] 等待开始更新：次数23953741 
[15:18:12:66] [客户端:更新|信息] 等待开始更新：次数26638096 
[15:18:15:756] [客户端:更新|信息] 等待开始更新：次数29322451 
[15:18:18:875] [客户端:更新|信息] 等待开始更新：次数32006806 
[15:18:21:254] [客户端:更新|信息] 等待开始更新：次数34051400 
[15:18:22:978] [客户端:更新|信息] 等待开始更新：次数35393577 
