[11:6:21:731] [客户端:初始化|信息] 已清除过期的日志文件！ 
[11:6:23:497] [客户端:初始化|信息] 窗口大小修改成功 (水平长度1920px, 垂直长度1020px) 
[11:6:23:497] [客户端:初始化|信息] 窗口位置：{X=224,Y=224} 
[11:6:23:498] [客户端:初始化|调试] 窗口PID：20276 
[11:6:23:501] [客户端:初始化|调试] 窗口句柄：2020 
[11:6:23:501] [客户端:初始化|信息] 主程序正在初始化... 
[11:6:23:542] [客户端:初始化|信息] 编辑器控件加载完毕。 
[11:6:23:544] [客户端:初始化|信息] 主程序初始化成功！ 
[11:6:23:545] [客户端:初始化|信息] 主程序初始化时间共计：0.05s 
[11:6:23:545] [客户端:初始化|信息] 初始化时间共计：2.57s 
[11:6:23:634] [客户端:更新|信息] 开始检查更新。 
[11:6:24:420] [客户端:更新|信息] UpdateChecker初始化完毕。 
[11:6:24:420] [客户端:更新|信息] 下载测试文件。 
[11:6:25:341] [客户端:网络请求|信息] 开始下载文件 
[11:6:25:341] [服务端:网络请求|信息] 文件名：F:\VS 2022\repos\IDE\bin\Debug\Cache\Update\TestDownloadFile.Text 
[11:6:25:342] [服务端:网络请求|信息] 文件大小：368B 
[11:6:26:327] [客户端:网络请求|信息] 测试文件下载完成 
[11:6:26:329] [客户端:更新|信息] 下载更新配置文件。 
[11:6:27:114] [客户端:网络请求|信息] 开始下载文件 
[11:6:27:114] [服务端:网络请求|信息] 文件名：F:\VS 2022\repos\IDE\bin\Debug\Cache\Update\Update.ucf 
[11:6:27:114] [服务端:网络请求|信息] 文件大小：88B 
[11:6:28:13] [客户端:网络请求|信息] 文件下载完成 
[11:6:28:33] [客户端:更新|信息] 分析更新配置文件。 
[11:6:28:47] [客户端:更新|信息] 验证更新。 
[11:6:28:47] [客户端:更新|信息] 验证修订号。 
[11:6:50:213] [客户端:主程序|信息] 即将打开“关于”窗口。 
[11:6:50:293] [客户端:主程序|信息] 成功。 
[11:6:50:293] [客户端:主程序|信息] 窗口位置：(674, 424) 
[11:6:55:854] [客户端|错误] [Type System.Collections.Generic.KeyNotFoundException] [HResult -2146232969] [InnerException: Null HResult Null] 已捕获异常：System.Collections.Generic.KeyNotFoundException 
 异常信息：给定关键字不在字典中。
[11:6:55:895] [客户端|错误] ======== 堆栈跟踪如下 ======== 
				[Outer Exception]    在 System.ThrowHelper.ThrowKeyNotFoundException()
   在 System.Collections.Generic.Dictionary`2.get_Item(TKey key)
   在 IDE.CustomSettings.ChangeLanguage(Object sender, EventArgs e) 位置 F:\VS 2022\repos\IDE\Settings\CustomSettings.cs:行号 254
   在 Sunny.UI.UIComboBox.ListBox_SelectedValueChanged(Object sender, EventArgs e)
   在 Sunny.UI.UIListBox.Listbox_SelectedValueChanged(Object sender, EventArgs e)
   在 System.Windows.Forms.ListControl.OnSelectedValueChanged(EventArgs e)
   在 System.Windows.Forms.ListBox.OnSelectedValueChanged(EventArgs e)
   在 System.Windows.Forms.ListBox.OnSelectedIndexChanged(EventArgs e)
   在 Sunny.UI.ListBoxEx.OnSelectedIndexChanged(EventArgs e)
   在 System.Windows.Forms.ListBox.set_SelectedIndex(Int32 value)
   在 System.Windows.Forms.ListBox.RefreshItems()
   在 System.Windows.Forms.ListBox.set_Font(Font value)
   在 Sunny.UI.UIListBox.OnFontChanged(EventArgs e)
   在 System.Windows.Forms.Control.set_Font(Font value)
   在 Sunny.UI.UIComboBox.UIComboBox_FontChanged(Object sender, EventArgs e)
   在 System.Windows.Forms.Control.OnFontChanged(EventArgs e)
   在 Sunny.UI.UIDropControl.OnFontChanged(EventArgs e)
   在 System.Windows.Forms.Control.set_Font(Font value)
   在 Sunny.UI.UIDropControl.SetDPIScale()
   在 Sunny.UI.UIForm.SetDPIScale()
   在 Sunny.UI.UIForm.OnShown(EventArgs e)
   在 System.Windows.Forms.Control.InvokeMarshaledCallbackHelper(Object obj)
   在 System.Threading.ExecutionContext.RunInternal(ExecutionContext executionContext, ContextCallback callback, Object state, Boolean preserveSyncCtx)
   在 System.Threading.ExecutionContext.Run(ExecutionContext executionContext, ContextCallback callback, Object state, Boolean preserveSyncCtx)
   在 System.Threading.ExecutionContext.Run(ExecutionContext executionContext, ContextCallback callback, Object state)
   在 System.Windows.Forms.Control.InvokeMarshaledCallback(ThreadMethodEntry tme)
   在 System.Windows.Forms.Control.InvokeMarshaledCallbacks()
				[Inner Exception] (无 InnerException)
[11:7:39:362] [客户端:主程序|信息] 已询问退出，返回值：Yes 
[11:7:39:362] [客户端:主程序|信息] Stopping! 
